{"D:\\MakeItReal\\Tareas\\DashboardRestaurant\\src\\app.js": {"path":"D:\\MakeItReal\\Tareas\\DashboardRestaurant\\src\\app.js","statementMap":{"0":{"start":{"line":1,"column":13},"end":{"line":1,"column":28}},"1":{"start":{"line":2,"column":0},"end":{"line":2,"column":27}},"2":{"start":{"line":3,"column":16},"end":{"line":3,"column":34}},"3":{"start":{"line":4,"column":21},"end":{"line":4,"column":36}},"4":{"start":{"line":5,"column":18},"end":{"line":5,"column":48}},"5":{"start":{"line":6,"column":19},"end":{"line":6,"column":50}},"6":{"start":{"line":7,"column":18},"end":{"line":7,"column":48}},"7":{"start":{"line":11,"column":12},"end":{"line":11,"column":21}},"8":{"start":{"line":13,"column":0},"end":{"line":13,"column":16}},"9":{"start":{"line":14,"column":0},"end":{"line":14,"column":24}},"10":{"start":{"line":15,"column":0},"end":{"line":15,"column":29}},"11":{"start":{"line":16,"column":0},"end":{"line":16,"column":31}},"12":{"start":{"line":17,"column":0},"end":{"line":17,"column":29}},"13":{"start":{"line":19,"column":0},"end":{"line":19,"column":35}}},"fnMap":{},"branchMap":{},"s":{"0":1,"1":1,"2":1,"3":1,"4":1,"5":1,"6":1,"7":1,"8":1,"9":1,"10":1,"11":1,"12":1,"13":1},"f":{},"b":{},"_coverageSchema":"1a1c01bbd47fc00a2c39e90264f33305004495a9","hash":"08a5a5698ef0ce2f95ff77b9244e83bebd283ef1"}
,"D:\\MakeItReal\\Tareas\\DashboardRestaurant\\src\\db.js": {"path":"D:\\MakeItReal\\Tareas\\DashboardRestaurant\\src\\db.js","statementMap":{"0":{"start":{"line":1,"column":17},"end":{"line":1,"column":36}},"1":{"start":{"line":3,"column":0},"end":{"line":16,"column":2}},"2":{"start":{"line":10,"column":6},"end":{"line":14,"column":7}},"3":{"start":{"line":11,"column":9},"end":{"line":11,"column":54}},"4":{"start":{"line":13,"column":9},"end":{"line":13,"column":55}},"5":{"start":{"line":17,"column":0},"end":{"line":17,"column":30}}},"fnMap":{"0":{"name":"(anonymous_0)","decl":{"start":{"line":9,"column":3},"end":{"line":9,"column":4}},"loc":{"start":{"line":9,"column":10},"end":{"line":15,"column":4}},"line":9}},"branchMap":{"0":{"loc":{"start":{"line":10,"column":6},"end":{"line":14,"column":7}},"type":"if","locations":[{"start":{"line":10,"column":6},"end":{"line":14,"column":7}},{"start":{"line":10,"column":6},"end":{"line":14,"column":7}}],"line":10}},"s":{"0":1,"1":1,"2":1,"3":1,"4":0,"5":1},"f":{"0":1},"b":{"0":[1,0]},"_coverageSchema":"1a1c01bbd47fc00a2c39e90264f33305004495a9","hash":"1389111917651c47e8a789ad6465794f8175b87d"}
,"D:\\MakeItReal\\Tareas\\DashboardRestaurant\\src\\controllers\\menu.controller.js": {"path":"D:\\MakeItReal\\Tareas\\DashboardRestaurant\\src\\controllers\\menu.controller.js","statementMap":{"0":{"start":{"line":1,"column":13},"end":{"line":1,"column":44}},"1":{"start":{"line":2,"column":14},"end":{"line":2,"column":46}},"2":{"start":{"line":4,"column":0},"end":{"line":76,"column":2}},"3":{"start":{"line":6,"column":6},"end":{"line":14,"column":7}},"4":{"start":{"line":7,"column":24},"end":{"line":10,"column":11}},"5":{"start":{"line":11,"column":9},"end":{"line":11,"column":38}},"6":{"start":{"line":13,"column":9},"end":{"line":13,"column":37}},"7":{"start":{"line":17,"column":6},"end":{"line":26,"column":7}},"8":{"start":{"line":18,"column":24},"end":{"line":18,"column":41}},"9":{"start":{"line":19,"column":24},"end":{"line":22,"column":11}},"10":{"start":{"line":23,"column":9},"end":{"line":23,"column":38}},"11":{"start":{"line":25,"column":9},"end":{"line":25,"column":37}},"12":{"start":{"line":29,"column":6},"end":{"line":40,"column":7}},"13":{"start":{"line":30,"column":25},"end":{"line":30,"column":43}},"14":{"start":{"line":31,"column":20},"end":{"line":31,"column":28}},"15":{"start":{"line":32,"column":9},"end":{"line":32,"column":35}},"16":{"start":{"line":33,"column":25},"end":{"line":33,"column":48}},"17":{"start":{"line":34,"column":21},"end":{"line":34,"column":50}},"18":{"start":{"line":35,"column":9},"end":{"line":35,"column":39}},"19":{"start":{"line":36,"column":26},"end":{"line":36,"column":44}},"20":{"start":{"line":37,"column":9},"end":{"line":37,"column":36}},"21":{"start":{"line":39,"column":9},"end":{"line":39,"column":37}},"22":{"start":{"line":43,"column":6},"end":{"line":53,"column":7}},"23":{"start":{"line":44,"column":24},"end":{"line":44,"column":41}},"24":{"start":{"line":45,"column":22},"end":{"line":45,"column":30}},"25":{"start":{"line":46,"column":24},"end":{"line":49,"column":11}},"26":{"start":{"line":50,"column":9},"end":{"line":50,"column":38}},"27":{"start":{"line":52,"column":9},"end":{"line":52,"column":37}},"28":{"start":{"line":56,"column":6},"end":{"line":62,"column":7}},"29":{"start":{"line":57,"column":24},"end":{"line":57,"column":41}},"30":{"start":{"line":58,"column":24},"end":{"line":58,"column":60}},"31":{"start":{"line":59,"column":9},"end":{"line":59,"column":38}},"32":{"start":{"line":61,"column":9},"end":{"line":61,"column":37}},"33":{"start":{"line":65,"column":6},"end":{"line":74,"column":7}},"34":{"start":{"line":66,"column":24},"end":{"line":66,"column":41}},"35":{"start":{"line":67,"column":25},"end":{"line":67,"column":43}},"36":{"start":{"line":68,"column":22},"end":{"line":68,"column":49}},"37":{"start":{"line":69,"column":9},"end":{"line":69,"column":35}},"38":{"start":{"line":70,"column":9},"end":{"line":70,"column":27}},"39":{"start":{"line":71,"column":9},"end":{"line":71,"column":36}},"40":{"start":{"line":73,"column":9},"end":{"line":73,"column":37}}},"fnMap":{"0":{"name":"(anonymous_0)","decl":{"start":{"line":5,"column":3},"end":{"line":5,"column":4}},"loc":{"start":{"line":5,"column":24},"end":{"line":15,"column":4}},"line":5},"1":{"name":"(anonymous_1)","decl":{"start":{"line":16,"column":3},"end":{"line":16,"column":4}},"loc":{"start":{"line":16,"column":28},"end":{"line":27,"column":4}},"line":16},"2":{"name":"(anonymous_2)","decl":{"start":{"line":28,"column":3},"end":{"line":28,"column":4}},"loc":{"start":{"line":28,"column":26},"end":{"line":41,"column":4}},"line":28},"3":{"name":"(anonymous_3)","decl":{"start":{"line":42,"column":3},"end":{"line":42,"column":4}},"loc":{"start":{"line":42,"column":37},"end":{"line":54,"column":4}},"line":42},"4":{"name":"(anonymous_4)","decl":{"start":{"line":55,"column":3},"end":{"line":55,"column":4}},"loc":{"start":{"line":55,"column":37},"end":{"line":63,"column":4}},"line":55},"5":{"name":"(anonymous_5)","decl":{"start":{"line":64,"column":3},"end":{"line":64,"column":4}},"loc":{"start":{"line":64,"column":28},"end":{"line":75,"column":4}},"line":64}},"branchMap":{},"s":{"0":1,"1":1,"2":1,"3":1,"4":1,"5":1,"6":0,"7":1,"8":1,"9":1,"10":1,"11":0,"12":2,"13":2,"14":2,"15":2,"16":1,"17":1,"18":1,"19":1,"20":1,"21":1,"22":1,"23":1,"24":1,"25":1,"26":1,"27":0,"28":1,"29":1,"30":1,"31":1,"32":0,"33":1,"34":1,"35":1,"36":1,"37":1,"38":1,"39":1,"40":0},"f":{"0":1,"1":1,"2":2,"3":1,"4":1,"5":1},"b":{},"_coverageSchema":"1a1c01bbd47fc00a2c39e90264f33305004495a9","hash":"bc480d89a700ff2cb105d16704cbda76076c0ea5"}
,"D:\\MakeItReal\\Tareas\\DashboardRestaurant\\src\\controllers\\plate.controller.js": {"path":"D:\\MakeItReal\\Tareas\\DashboardRestaurant\\src\\controllers\\plate.controller.js","statementMap":{"0":{"start":{"line":1,"column":14},"end":{"line":1,"column":46}},"1":{"start":{"line":3,"column":0},"end":{"line":58,"column":2}},"2":{"start":{"line":5,"column":6},"end":{"line":13,"column":7}},"3":{"start":{"line":6,"column":24},"end":{"line":9,"column":11}},"4":{"start":{"line":10,"column":9},"end":{"line":10,"column":38}},"5":{"start":{"line":12,"column":9},"end":{"line":12,"column":37}},"6":{"start":{"line":16,"column":6},"end":{"line":25,"column":7}},"7":{"start":{"line":17,"column":20},"end":{"line":17,"column":33}},"8":{"start":{"line":18,"column":24},"end":{"line":21,"column":11}},"9":{"start":{"line":22,"column":9},"end":{"line":22,"column":38}},"10":{"start":{"line":24,"column":9},"end":{"line":24,"column":37}},"11":{"start":{"line":28,"column":6},"end":{"line":34,"column":7}},"12":{"start":{"line":29,"column":22},"end":{"line":29,"column":30}},"13":{"start":{"line":30,"column":24},"end":{"line":30,"column":48}},"14":{"start":{"line":31,"column":9},"end":{"line":31,"column":38}},"15":{"start":{"line":33,"column":9},"end":{"line":33,"column":37}},"16":{"start":{"line":37,"column":6},"end":{"line":47,"column":7}},"17":{"start":{"line":38,"column":20},"end":{"line":38,"column":33}},"18":{"start":{"line":39,"column":22},"end":{"line":39,"column":30}},"19":{"start":{"line":40,"column":24},"end":{"line":43,"column":11}},"20":{"start":{"line":44,"column":9},"end":{"line":44,"column":38}},"21":{"start":{"line":46,"column":9},"end":{"line":46,"column":37}},"22":{"start":{"line":50,"column":6},"end":{"line":56,"column":7}},"23":{"start":{"line":51,"column":20},"end":{"line":51,"column":33}},"24":{"start":{"line":52,"column":24},"end":{"line":52,"column":57}},"25":{"start":{"line":53,"column":9},"end":{"line":53,"column":38}},"26":{"start":{"line":55,"column":9},"end":{"line":55,"column":37}}},"fnMap":{"0":{"name":"(anonymous_0)","decl":{"start":{"line":4,"column":3},"end":{"line":4,"column":4}},"loc":{"start":{"line":4,"column":24},"end":{"line":14,"column":4}},"line":4},"1":{"name":"(anonymous_1)","decl":{"start":{"line":15,"column":3},"end":{"line":15,"column":4}},"loc":{"start":{"line":15,"column":28},"end":{"line":26,"column":4}},"line":15},"2":{"name":"(anonymous_2)","decl":{"start":{"line":27,"column":3},"end":{"line":27,"column":4}},"loc":{"start":{"line":27,"column":26},"end":{"line":35,"column":4}},"line":27},"3":{"name":"(anonymous_3)","decl":{"start":{"line":36,"column":3},"end":{"line":36,"column":4}},"loc":{"start":{"line":36,"column":36},"end":{"line":48,"column":4}},"line":36},"4":{"name":"(anonymous_4)","decl":{"start":{"line":49,"column":3},"end":{"line":49,"column":4}},"loc":{"start":{"line":49,"column":37},"end":{"line":57,"column":4}},"line":49}},"branchMap":{},"s":{"0":1,"1":1,"2":1,"3":1,"4":1,"5":0,"6":1,"7":1,"8":1,"9":1,"10":0,"11":1,"12":1,"13":1,"14":1,"15":0,"16":1,"17":1,"18":1,"19":1,"20":1,"21":0,"22":1,"23":1,"24":1,"25":1,"26":0},"f":{"0":1,"1":1,"2":1,"3":1,"4":1},"b":{},"_coverageSchema":"1a1c01bbd47fc00a2c39e90264f33305004495a9","hash":"80ab741dadb2a52b5be7bde43b4a117a738f5abf"}
,"D:\\MakeItReal\\Tareas\\DashboardRestaurant\\src\\controllers\\user.controller.js": {"path":"D:\\MakeItReal\\Tareas\\DashboardRestaurant\\src\\controllers\\user.controller.js","statementMap":{"0":{"start":{"line":1,"column":13},"end":{"line":1,"column":44}},"1":{"start":{"line":2,"column":15},"end":{"line":2,"column":32}},"2":{"start":{"line":3,"column":12},"end":{"line":3,"column":35}},"3":{"start":{"line":5,"column":0},"end":{"line":33,"column":2}},"4":{"start":{"line":7,"column":6},"end":{"line":14,"column":7}},"5":{"start":{"line":8,"column":20},"end":{"line":8,"column":28}},"6":{"start":{"line":9,"column":9},"end":{"line":9,"column":61}},"7":{"start":{"line":10,"column":9},"end":{"line":10,"column":33}},"8":{"start":{"line":11,"column":9},"end":{"line":11,"column":51}},"9":{"start":{"line":13,"column":9},"end":{"line":13,"column":37}},"10":{"start":{"line":17,"column":6},"end":{"line":31,"column":7}},"11":{"start":{"line":18,"column":22},"end":{"line":18,"column":30}},"12":{"start":{"line":19,"column":24},"end":{"line":19,"column":71}},"13":{"start":{"line":20,"column":25},"end":{"line":20,"column":77}},"14":{"start":{"line":21,"column":9},"end":{"line":28,"column":10}},"15":{"start":{"line":22,"column":26},"end":{"line":24,"column":14}},"16":{"start":{"line":25,"column":12},"end":{"line":25,"column":44}},"17":{"start":{"line":27,"column":12},"end":{"line":27,"column":72}},"18":{"start":{"line":30,"column":9},"end":{"line":30,"column":37}}},"fnMap":{"0":{"name":"(anonymous_0)","decl":{"start":{"line":6,"column":3},"end":{"line":6,"column":4}},"loc":{"start":{"line":6,"column":26},"end":{"line":15,"column":4}},"line":6},"1":{"name":"(anonymous_1)","decl":{"start":{"line":16,"column":3},"end":{"line":16,"column":4}},"loc":{"start":{"line":16,"column":25},"end":{"line":32,"column":4}},"line":16}},"branchMap":{"0":{"loc":{"start":{"line":21,"column":9},"end":{"line":28,"column":10}},"type":"if","locations":[{"start":{"line":21,"column":9},"end":{"line":28,"column":10}},{"start":{"line":21,"column":9},"end":{"line":28,"column":10}}],"line":21}},"s":{"0":1,"1":1,"2":1,"3":1,"4":1,"5":1,"6":1,"7":1,"8":1,"9":0,"10":1,"11":1,"12":1,"13":1,"14":1,"15":1,"16":1,"17":0,"18":0},"f":{"0":1,"1":1},"b":{"0":[1,0]},"_coverageSchema":"1a1c01bbd47fc00a2c39e90264f33305004495a9","hash":"2643e5926b9c3c6233ec3897d32154b2f0885df9"}
,"D:\\MakeItReal\\Tareas\\DashboardRestaurant\\src\\models\\menu.model.js": {"path":"D:\\MakeItReal\\Tareas\\DashboardRestaurant\\src\\models\\menu.model.js","statementMap":{"0":{"start":{"line":1,"column":17},"end":{"line":1,"column":36}},"1":{"start":{"line":3,"column":19},"end":{"line":19,"column":1}},"2":{"start":{"line":21,"column":0},"end":{"line":21,"column":52}}},"fnMap":{},"branchMap":{},"s":{"0":1,"1":1,"2":1},"f":{},"b":{},"_coverageSchema":"1a1c01bbd47fc00a2c39e90264f33305004495a9","hash":"9f99f2db71f8fdde0e514e224ac32aef362f8f26"}
,"D:\\MakeItReal\\Tareas\\DashboardRestaurant\\src\\models\\plate.model.js": {"path":"D:\\MakeItReal\\Tareas\\DashboardRestaurant\\src\\models\\plate.model.js","statementMap":{"0":{"start":{"line":1,"column":17},"end":{"line":1,"column":36}},"1":{"start":{"line":3,"column":21},"end":{"line":18,"column":1}},"2":{"start":{"line":20,"column":0},"end":{"line":20,"column":55}}},"fnMap":{},"branchMap":{},"s":{"0":1,"1":1,"2":1},"f":{},"b":{},"_coverageSchema":"1a1c01bbd47fc00a2c39e90264f33305004495a9","hash":"9270c4cb896f103896336dd3cc8b8fdb78d96173"}
,"D:\\MakeItReal\\Tareas\\DashboardRestaurant\\src\\models\\user.model.js": {"path":"D:\\MakeItReal\\Tareas\\DashboardRestaurant\\src\\models\\user.model.js","statementMap":{"0":{"start":{"line":1,"column":17},"end":{"line":1,"column":36}},"1":{"start":{"line":3,"column":19},"end":{"line":40,"column":1}},"2":{"start":{"line":11,"column":18},"end":{"line":15,"column":21}},"3":{"start":{"line":14,"column":21},"end":{"line":14,"column":34}},"4":{"start":{"line":42,"column":0},"end":{"line":42,"column":52}}},"fnMap":{"0":{"name":"(anonymous_0)","decl":{"start":{"line":10,"column":26},"end":{"line":10,"column":27}},"loc":{"start":{"line":10,"column":41},"end":{"line":16,"column":16}},"line":10},"1":{"name":"(anonymous_1)","decl":{"start":{"line":13,"column":26},"end":{"line":13,"column":27}},"loc":{"start":{"line":13,"column":34},"end":{"line":15,"column":19}},"line":13}},"branchMap":{},"s":{"0":1,"1":1,"2":2,"3":2,"4":1},"f":{"0":2,"1":2},"b":{},"_coverageSchema":"1a1c01bbd47fc00a2c39e90264f33305004495a9","hash":"896dd8ae13f3d04818279e0b8f9fc41daf90ad90"}
,"D:\\MakeItReal\\Tareas\\DashboardRestaurant\\src\\routes\\menu.route.js": {"path":"D:\\MakeItReal\\Tareas\\DashboardRestaurant\\src\\routes\\menu.route.js","statementMap":{"0":{"start":{"line":1,"column":15},"end":{"line":1,"column":42}},"1":{"start":{"line":2,"column":23},"end":{"line":2,"column":64}},"2":{"start":{"line":4,"column":0},"end":{"line":4,"column":43}},"3":{"start":{"line":5,"column":0},"end":{"line":5,"column":54}},"4":{"start":{"line":6,"column":0},"end":{"line":6,"column":61}},"5":{"start":{"line":7,"column":0},"end":{"line":7,"column":63}},"6":{"start":{"line":8,"column":0},"end":{"line":8,"column":66}},"7":{"start":{"line":9,"column":0},"end":{"line":9,"column":70}},"8":{"start":{"line":10,"column":0},"end":{"line":10,"column":24}}},"fnMap":{},"branchMap":{},"s":{"0":1,"1":1,"2":1,"3":1,"4":1,"5":1,"6":1,"7":1,"8":1},"f":{},"b":{},"_coverageSchema":"1a1c01bbd47fc00a2c39e90264f33305004495a9","hash":"ec41364e7a0be893dd8df46de3ef5198aa04d5bb"}
,"D:\\MakeItReal\\Tareas\\DashboardRestaurant\\src\\routes\\plate.route.js": {"path":"D:\\MakeItReal\\Tareas\\DashboardRestaurant\\src\\routes\\plate.route.js","statementMap":{"0":{"start":{"line":1,"column":15},"end":{"line":1,"column":42}},"1":{"start":{"line":2,"column":24},"end":{"line":2,"column":66}},"2":{"start":{"line":4,"column":0},"end":{"line":4,"column":44}},"3":{"start":{"line":5,"column":0},"end":{"line":5,"column":51}},"4":{"start":{"line":6,"column":0},"end":{"line":6,"column":47}},"5":{"start":{"line":7,"column":0},"end":{"line":7,"column":59}},"6":{"start":{"line":8,"column":0},"end":{"line":8,"column":63}},"7":{"start":{"line":10,"column":0},"end":{"line":10,"column":24}}},"fnMap":{},"branchMap":{},"s":{"0":1,"1":1,"2":1,"3":1,"4":1,"5":1,"6":1,"7":1},"f":{},"b":{},"_coverageSchema":"1a1c01bbd47fc00a2c39e90264f33305004495a9","hash":"e0c1e06f0ec08f58f6ebadfb519caf1a7cd942ff"}
,"D:\\MakeItReal\\Tareas\\DashboardRestaurant\\src\\routes\\user.route.js": {"path":"D:\\MakeItReal\\Tareas\\DashboardRestaurant\\src\\routes\\user.route.js","statementMap":{"0":{"start":{"line":1,"column":15},"end":{"line":1,"column":42}},"1":{"start":{"line":2,"column":23},"end":{"line":2,"column":64}},"2":{"start":{"line":4,"column":0},"end":{"line":4,"column":52}},"3":{"start":{"line":5,"column":0},"end":{"line":5,"column":50}},"4":{"start":{"line":7,"column":0},"end":{"line":7,"column":24}}},"fnMap":{},"branchMap":{},"s":{"0":1,"1":1,"2":1,"3":1,"4":1},"f":{},"b":{},"_coverageSchema":"1a1c01bbd47fc00a2c39e90264f33305004495a9","hash":"049a41fe4f6e0874dbf4832eb6dc954e61c9898f"}
}
